<?xml version="1.0" encoding="UTF-8"?>
<testsuite name="com.rundeck.webhook.plugin.HttpValidatorTest" tests="2" skipped="0" failures="0" errors="0" timestamp="2019-03-05T14:22:56" hostname="NOTE-CPINO" time="0.003">
  <properties/>
  <testcase name="testIsNotValid" classname="com.rundeck.webhook.plugin.HttpValidatorTest" time="0.002"/>
  <testcase name="testIsValid" classname="com.rundeck.webhook.plugin.HttpValidatorTest" time="0.0"/>
  <system-out><![CDATA[]]></system-out>
  <system-err><![CDATA[]]></system-err>
</testsuite>
